2018-03-24 19:06:27,606 - INFO - main:in the build.py file
2018-03-24 19:06:27,606 - DEBUG - main:argument file = build.json
2018-03-24 19:06:27,607 - DEBUG - main:json file
2018-03-24 19:06:27,607 - DEBUG - {'status': 'active', 'date': '', 'instances': [{'image': 'appserver0.4', 'prefix': 'appserver', 'build': '2', 'name': 'appserver', 'LB-IP': '', 'tag': '0.7', 'status': 'active', 'repository': 'Application_Server', 'date': '', 'LB': '', 'branch': 'sprint10', 'subnetwork': 'switcher-demo-2'}, {'tag': '0.8', 'status': '', 'repository': 'Switcher_server', 'date': '', 'prefix': 'switcherserver', 'image': '', 'build': '2', 'name': 'switcher', 'subnetwork': 'switcher-demo-2', 'branch': ''}], 'version': '0.1', 'name': 'Otter Build Configuration', 'env': 'staging'}
2018-03-24 19:06:27,607 - INFO - buildImageList:list of images
2018-03-24 19:06:28,768 - DEBUG - ['NAME', 'centos-6-v20180314', 'centos-7-v20180314', 'appserver-0-7', 'appserver-0-7-1', 'appserver-0-7-12032018', 'appserver-0-7-2', 'appserver-0-9-build-2-25032018', 'clear-camp-173513', 'cmsimage', 'codelab-image', 'cogolive', 'cogowebsite', 'devserver09oct', 'image-demo2', 'image-demo3', 'jenkins-home-image', 'node-env', 'otter-nginx1', 'otter-router1', 'otter-router2', 'ottercore1', 'ottercore1-1', 'ottercore1-2', 'otterdemo', 'otterubuntudocker', 'router-0-7', 'rt0-1-ss0-1-as0-1', 'rtmpsvr22102017', 'snowmix', 'coreos-alpha-1722-0-0-v20180320', 'coreos-beta-1688-3-0-v20180309', 'coreos-stable-1632-3-0-v20180215', 'cos-beta-66-10452-21-0', 'cos-dev-67-10505-0-0', 'cos-stable-64-10176-62-0', 'cos-stable-65-10323-62-0', 'debian-8-jessie-v20180307', 'debian-9-stretch-v20180307', 'rhel-6-v20180314', 'rhel-7-v20180314', 'sles-11-sp4-v20180104', 'sles-12-sp3-v20180214', 'sles-12-sp2-sap-v20180214', 'sles-12-sp3-sap-v20180214', 'ubuntu-1404-trusty-v20180308', 'ubuntu-1604-xenial-v20180306', 'ubuntu-1710-artful-v20180315', 'windows-server-1709-dc-core-for-containers-v20180313', 'windows-server-1709-dc-core-v20180313', 'windows-server-2008-r2-dc-v20180313', 'windows-server-2012-r2-dc-core-v20180313', 'windows-server-2012-r2-dc-v20180313', 'windows-server-2016-dc-core-v20180313', 'windows-server-2016-dc-v20180313', 'sql-2012-enterprise-windows-2012-r2-dc-v20180313', 'sql-2012-standard-windows-2012-r2-dc-v20180313', 'sql-2012-web-windows-2012-r2-dc-v20180313', 'sql-2014-enterprise-windows-2012-r2-dc-v20180313', 'sql-2014-enterprise-windows-2016-dc-v20180313', 'sql-2014-standard-windows-2012-r2-dc-v20180313', 'sql-2014-web-windows-2012-r2-dc-v20180313', 'sql-2016-enterprise-windows-2012-r2-dc-v20180313', 'sql-2016-enterprise-windows-2016-dc-v20180313', 'sql-2016-standard-windows-2012-r2-dc-v20180313', 'sql-2016-standard-windows-2016-dc-v20180313', 'sql-2016-web-windows-2012-r2-dc-v20180313', 'sql-2016-web-windows-2016-dc-v20180313', 'sql-2017-enterprise-windows-2016-dc-v20180313', 'sql-2017-express-windows-2012-r2-dc-v20180313', 'sql-2017-express-windows-2016-dc-v20180313', 'sql-2017-standard-windows-2016-dc-v20180313', 'sql-2017-web-windows-2016-dc-v20180313']
2018-03-24 19:06:28,768 - INFO - number of images found = 73
2018-03-24 19:06:28,768 - INFO - main:global build status is active
2018-03-24 19:06:28,768 - INFO - main:all server builds are requested
2018-03-24 19:06:28,768 - INFO - main:build list from JSON as Key-Value pair as below
2018-03-24 19:06:28,768 - INFO - main:build list from JSON as Key-Value pair as below
2018-03-24 19:06:28,768 - INFO - {'appserver': 0, 'switcherserver': 1}
2018-03-24 19:06:28,768 - INFO - main:before build application: rtmpserver
2018-03-24 19:06:28,768 - INFO - main:before build application: switcherserver
2018-03-24 19:06:28,768 - INFO - main:matched the application: switcherserver
2018-03-24 19:06:28,768 - INFO - buildApplication: building the switcherserver
2018-03-24 19:06:28,768 - INFO - buildingapplication: appInstance 
2018-03-24 19:06:28,769 - INFO - {'tag': '0.8', 'status': '', 'repository': 'Switcher_server', 'date': '', 'prefix': 'switcherserver', 'image': '', 'build': '2', 'name': 'switcher', 'subnetwork': 'switcher-demo-2', 'branch': ''}
2018-03-24 19:06:28,769 - INFO - buildApplication: branch = main
2018-03-24 19:06:28,769 - INFO - buildApplication: script called = switcherserver.sh -n -b main -t 0.8 -s switcher-demo-2
2018-03-24 19:06:28,769 - INFO - main:before build application: routerserver
2018-03-24 19:06:28,769 - INFO - main:before build application: appserver
2018-03-24 19:06:28,769 - INFO - main:matched the application: appserver
2018-03-24 19:06:28,769 - INFO - buildApplication: building the appserver
2018-03-24 19:06:28,769 - INFO - buildingapplication: appInstance 
2018-03-24 19:06:28,769 - INFO - {'image': 'appserver0.4', 'prefix': 'appserver', 'build': '2', 'name': 'appserver', 'LB-IP': '', 'tag': '0.7', 'status': 'active', 'repository': 'Application_Server', 'date': '', 'LB': '', 'branch': 'sprint10', 'subnetwork': 'switcher-demo-2'}
2018-03-24 19:06:28,769 - INFO - buildApplication: Image = appserver0.4
2018-03-24 19:06:28,769 - INFO - in ckeckImages
2018-03-24 19:06:28,769 - DEBUG - appserver0.4
2018-03-24 19:06:28,769 - INFO - image was not matched
2018-03-24 19:06:28,769 - INFO - buildApplication: script called = appserver.sh  -i appserver0.4 -s switcher-demo-2
2018-03-24 19:06:28,769 - INFO - {'appserver': 'appserver.sh  -i appserver0.4 -s switcher-demo-2', 'switcherserver': 'switcherserver.sh -n -b main -t 0.8 -s switcher-demo-2'}
2018-03-24 19:06:28,769 - INFO - callScripts: building switcherserver.sh -n -b main -t 0.8 -s switcher-demo-2
2018-03-24 19:06:28,769 - INFO - callScripts:command to be executed by google shell
2018-03-24 19:06:28,769 - INFO - gcloud --quiet compute ssh --ssh-key-file=~/.ssh/compute_engine jagadish@demo4 --zone us-central1-c --command switcherserver.sh -n -b main -t 0.8 -s switcher-demo-2
2018-03-24 19:06:28,769 - INFO - callScripts: building appserver.sh  -i appserver0.4 -s switcher-demo-2
2018-03-24 19:06:28,769 - INFO - callScripts:command to be executed by google shell
2018-03-24 19:06:28,769 - INFO - gcloud --quiet compute ssh --ssh-key-file=~/.ssh/compute_engine jagadish@demo4 --zone us-central1-c --command appserver.sh  -i appserver0.4 -s switcher-demo-2
2018-03-24 19:06:28,769 - INFO - Build was successful
2018-03-24 19:06:28,769 - INFO - updateJsonTimeBuild:
2018-03-24 19:06:28,769 - INFO - updateJsonTimeuild:json for server updated
2018-03-24 19:06:28,769 - DEBUG - {'image': 'appserver0.4', 'prefix': 'appserver', 'build': '2', 'name': 'appserver', 'LB-IP': '', 'tag': '0.7', 'status': 'active', 'repository': 'Application_Server', 'date': '', 'LB': '', 'branch': 'sprint10', 'subnetwork': 'switcher-demo-2'}
2018-03-24 19:06:28,769 - INFO - updateJsonTime:New build number = 3
2018-03-24 19:06:28,769 - INFO - updateJsonTimeuild:json for server updated
2018-03-24 19:06:28,769 - DEBUG - {'tag': '0.8', 'status': '', 'repository': 'Switcher_server', 'date': '', 'prefix': 'switcherserver', 'image': '', 'build': '2', 'name': 'switcher', 'subnetwork': 'switcher-demo-2', 'branch': ''}
2018-03-24 19:06:28,769 - INFO - updateJsonTime:New build number = 3
2018-03-24 19:06:28,769 - INFO - updateJsonTime:updating Json file
calling init
cmd ran successfully
cmd ran successfully
